2014-09-18 16:52:33,046 - Starting Apache Velocity v1.5 (compiled: 2007-02-22 08:52:29)
2014-09-18 16:52:33,046 - Default Properties File: org/apache/velocity/runtime/defaults/velocity.properties
2014-09-18 16:52:33,046 - Trying to use logger class org.apache.velocity.runtime.log.AvalonLogChute
2014-09-18 16:52:33,047 - Couldn't find class org.apache.velocity.runtime.log.AvalonLogChute or necessary supporting classes in classpath.
java.lang.NoClassDefFoundError: org/apache/log/format/Formatter
	at java.lang.Class.forName0(Native Method)
	at java.lang.Class.forName(Class.java:249)
	at org.apache.velocity.util.ClassUtils.getClass(ClassUtils.java:63)
	at org.apache.velocity.util.ClassUtils.getNewInstance(ClassUtils.java:95)
	at org.apache.velocity.runtime.log.LogManager.createLogChute(LogManager.java:147)
	at org.apache.velocity.runtime.log.LogManager.updateLog(LogManager.java:208)
	at org.apache.velocity.runtime.RuntimeInstance.initializeLog(RuntimeInstance.java:728)
	at org.apache.velocity.runtime.RuntimeInstance.init(RuntimeInstance.java:240)
	at org.apache.velocity.runtime.RuntimeInstance.init(RuntimeInstance.java:534)
	at org.apache.velocity.runtime.RuntimeSingleton.init(RuntimeSingleton.java:227)
	at org.apache.velocity.app.Velocity.init(Velocity.java:111)
	at org.wso2.andes.server.logging.GenerateLogMessages.<init>(GenerateLogMessages.java:97)
	at org.wso2.andes.server.logging.GenerateLogMessages.main(GenerateLogMessages.java:50)
Caused by: java.lang.ClassNotFoundException: org.apache.log.format.Formatter
	at java.net.URLClassLoader$1.run(URLClassLoader.java:202)
	at java.security.AccessController.doPrivileged(Native Method)
	at java.net.URLClassLoader.findClass(URLClassLoader.java:190)
	at java.lang.ClassLoader.loadClass(ClassLoader.java:306)
	at sun.misc.Launcher$AppClassLoader.loadClass(Launcher.java:301)
	at java.lang.ClassLoader.loadClass(ClassLoader.java:247)
	... 13 more
2014-09-18 16:52:33,051 - Trying to use logger class org.apache.velocity.runtime.log.Log4JLogChute
2014-09-18 16:52:33,051 - Using logger class org.apache.velocity.runtime.log.Log4JLogChute
2014-09-18 16:52:33,054 - Default ResourceManager initializing. (class org.apache.velocity.runtime.resource.ResourceManagerImpl)
2014-09-18 16:52:33,059 - ResourceLoader instantiated: org.apache.velocity.runtime.resource.loader.FileResourceLoader
2014-09-18 16:52:33,062 - Do unicode file recognition:  false
2014-09-18 16:52:33,062 - FileResourceLoader : adding path '/home/nipuna/WSO2-repo/Stat-Publisher/andes/modules/andes-core/broker/src/velocity/templates/org/wso2/andes/server/logging/messages'
2014-09-18 16:52:33,106 - ResourceCache: initialized (class org.apache.velocity.runtime.resource.ResourceCacheImpl)
2014-09-18 16:52:33,109 - Loaded System Directive: org.apache.velocity.runtime.directive.Literal
2014-09-18 16:52:33,111 - Loaded System Directive: org.apache.velocity.runtime.directive.Macro
2014-09-18 16:52:33,114 - Loaded System Directive: org.apache.velocity.runtime.directive.Parse
2014-09-18 16:52:33,116 - Loaded System Directive: org.apache.velocity.runtime.directive.Include
2014-09-18 16:52:33,117 - Loaded System Directive: org.apache.velocity.runtime.directive.Foreach
2014-09-18 16:52:33,166 - Created '20' parsers.
2014-09-18 16:52:33,180 - Velocimacro : "velocimacro.library" is not set.  Trying default library: VM_global_library.vm
2014-09-18 16:52:33,201 - Velocimacro : Default library not found.
2014-09-18 16:52:33,201 - Velocimacro : allowInline = true : VMs can be defined inline in templates
2014-09-18 16:52:33,201 - Velocimacro : allowInlineToOverride = false : VMs defined inline may NOT replace previous VM definitions
2014-09-18 16:52:33,201 - Velocimacro : allowInlineLocal = false : VMs defined inline will be global in scope if allowed.
2014-09-18 16:52:33,201 - Velocimacro : autoload off : VM system will not automatically reload global library macros
2014-09-18 16:52:33,422 - ResourceManager : found LogMessages.vm with loader org.apache.velocity.runtime.resource.loader.FileResourceLoader
2014-09-18 16:52:33,494 - ResourceManager : found LogMessages.vm with loader org.apache.velocity.runtime.resource.loader.FileResourceLoader
2014-09-18 16:52:33,535 - ResourceManager : found LogMessages.vm with loader org.apache.velocity.runtime.resource.loader.FileResourceLoader
2014-09-18 16:52:33,574 - ResourceManager : found LogMessages.vm with loader org.apache.velocity.runtime.resource.loader.FileResourceLoader
2014-09-18 16:52:33,617 - ResourceManager : found LogMessages.vm with loader org.apache.velocity.runtime.resource.loader.FileResourceLoader
2014-09-18 16:52:33,640 - ResourceManager : found LogMessages.vm with loader org.apache.velocity.runtime.resource.loader.FileResourceLoader
2014-09-18 16:52:33,669 - ResourceManager : found LogMessages.vm with loader org.apache.velocity.runtime.resource.loader.FileResourceLoader
2014-09-18 16:52:33,695 - ResourceManager : found LogMessages.vm with loader org.apache.velocity.runtime.resource.loader.FileResourceLoader
2014-09-18 16:52:33,719 - ResourceManager : found LogMessages.vm with loader org.apache.velocity.runtime.resource.loader.FileResourceLoader
2014-09-18 16:52:33,755 - ResourceManager : found LogMessages.vm with loader org.apache.velocity.runtime.resource.loader.FileResourceLoader
2014-09-18 16:52:33,785 - ResourceManager : found LogMessages.vm with loader org.apache.velocity.runtime.resource.loader.FileResourceLoader
2014-09-18 16:52:33,806 - ResourceManager : found LogMessages.vm with loader org.apache.velocity.runtime.resource.loader.FileResourceLoader
2014-09-18 16:52:33,849 - ResourceManager : found LogMessages.vm with loader org.apache.velocity.runtime.resource.loader.FileResourceLoader
2014-09-18 16:52:33,870 - ResourceManager : found LogMessages.vm with loader org.apache.velocity.runtime.resource.loader.FileResourceLoader
2014-09-18 16:54:39,222 - Log4JLogChute initialized using file 'velocity.log'
2014-09-18 16:54:39,223 - Starting Apache Velocity v1.5 (compiled: 2007-02-22 08:52:29)
2014-09-18 16:54:39,223 - Default Properties File: org/apache/velocity/runtime/defaults/velocity.properties
2014-09-18 16:54:39,223 - Trying to use logger class org.apache.velocity.runtime.log.AvalonLogChute
2014-09-18 16:54:39,224 - Couldn't find class org.apache.velocity.runtime.log.AvalonLogChute or necessary supporting classes in classpath.
java.lang.NoClassDefFoundError: org/apache/log/format/Formatter
	at java.lang.Class.forName0(Native Method)
	at java.lang.Class.forName(Class.java:249)
	at org.apache.velocity.util.ClassUtils.getClass(ClassUtils.java:63)
	at org.apache.velocity.util.ClassUtils.getNewInstance(ClassUtils.java:95)
	at org.apache.velocity.runtime.log.LogManager.createLogChute(LogManager.java:147)
	at org.apache.velocity.runtime.log.LogManager.updateLog(LogManager.java:208)
	at org.apache.velocity.runtime.RuntimeInstance.initializeLog(RuntimeInstance.java:728)
	at org.apache.velocity.runtime.RuntimeInstance.init(RuntimeInstance.java:240)
	at org.apache.velocity.runtime.RuntimeInstance.init(RuntimeInstance.java:534)
	at org.apache.velocity.runtime.RuntimeSingleton.init(RuntimeSingleton.java:227)
	at org.apache.velocity.app.Velocity.init(Velocity.java:111)
	at org.wso2.andes.server.logging.GenerateLogMessages.<init>(GenerateLogMessages.java:97)
	at org.wso2.andes.server.logging.GenerateLogMessages.main(GenerateLogMessages.java:50)
Caused by: java.lang.ClassNotFoundException: org.apache.log.format.Formatter
	at java.net.URLClassLoader$1.run(URLClassLoader.java:202)
	at java.security.AccessController.doPrivileged(Native Method)
	at java.net.URLClassLoader.findClass(URLClassLoader.java:190)
	at java.lang.ClassLoader.loadClass(ClassLoader.java:306)
	at sun.misc.Launcher$AppClassLoader.loadClass(Launcher.java:301)
	at java.lang.ClassLoader.loadClass(ClassLoader.java:247)
	... 13 more
2014-09-18 16:54:39,227 - Trying to use logger class org.apache.velocity.runtime.log.Log4JLogChute
2014-09-18 16:54:39,227 - Using logger class org.apache.velocity.runtime.log.Log4JLogChute
2014-09-18 16:54:39,230 - Default ResourceManager initializing. (class org.apache.velocity.runtime.resource.ResourceManagerImpl)
2014-09-18 16:54:39,235 - ResourceLoader instantiated: org.apache.velocity.runtime.resource.loader.FileResourceLoader
2014-09-18 16:54:39,237 - Do unicode file recognition:  false
2014-09-18 16:54:39,237 - FileResourceLoader : adding path '/home/nipuna/WSO2-repo/Stat-Publisher/andes/modules/andes-core/broker/src/velocity/templates/org/wso2/andes/server/logging/messages'
2014-09-18 16:54:39,255 - ResourceCache: initialized (class org.apache.velocity.runtime.resource.ResourceCacheImpl)
2014-09-18 16:54:39,258 - Loaded System Directive: org.apache.velocity.runtime.directive.Literal
2014-09-18 16:54:39,260 - Loaded System Directive: org.apache.velocity.runtime.directive.Macro
2014-09-18 16:54:39,262 - Loaded System Directive: org.apache.velocity.runtime.directive.Parse
2014-09-18 16:54:39,265 - Loaded System Directive: org.apache.velocity.runtime.directive.Include
2014-09-18 16:54:39,266 - Loaded System Directive: org.apache.velocity.runtime.directive.Foreach
2014-09-18 16:54:39,313 - Created '20' parsers.
2014-09-18 16:54:39,327 - Velocimacro : "velocimacro.library" is not set.  Trying default library: VM_global_library.vm
2014-09-18 16:54:39,327 - Velocimacro : Default library not found.
2014-09-18 16:54:39,327 - Velocimacro : allowInline = true : VMs can be defined inline in templates
2014-09-18 16:54:39,327 - Velocimacro : allowInlineToOverride = false : VMs defined inline may NOT replace previous VM definitions
2014-09-18 16:54:39,327 - Velocimacro : allowInlineLocal = false : VMs defined inline will be global in scope if allowed.
2014-09-18 16:54:39,327 - Velocimacro : autoload off : VM system will not automatically reload global library macros
2014-09-18 16:54:39,416 - ResourceManager : found LogMessages.vm with loader org.apache.velocity.runtime.resource.loader.FileResourceLoader
